<?xml version="1.0" encoding="UTF-8"?>
<!-- Generated by org.testng.reporters.JUnitXMLReporter -->
<testsuite hostname="DESKTOP-O4QRLB7" ignored="1" name="smoke tests" tests="5" failures="0" timestamp="22 Jan 2019 20:52:47 GMT" time="28.545" errors="0">
  <testcase name="elebele" time="0.0" classname="utlities.hereUp"/>
  <testcase name="test" time="0.0" classname="others.Multi"/>
  <testcase name="aloginVerification" time="6.763" classname="pageObject.OrangeAdmin"/>
  <testcase name="jobTitleVerification" time="6.7" classname="pageObject.OrangeAdmin"/>
  <testcase name="negativeLogin" time="5.564" classname="pageObject.OrangeTest"/>
  <testcase name="heriqaqas" time="0.0" classname="utlities.hereUp">
    <ignored/>
  </testcase> <!-- heriqaqas -->
</testsuite> <!-- smoke tests -->
